f:\成绩管理系统\成绩管理系统\成绩管理系统\debug\成绩管理系统.pch
f:\成绩管理系统\成绩管理系统\成绩管理系统\debug\stdafx.obj
f:\成绩管理系统\成绩管理系统\成绩管理系统\debug\vc100.pdb
f:\成绩管理系统\成绩管理系统\成绩管理系统\debug\浏览.obj
f:\成绩管理系统\成绩管理系统\成绩管理系统\debug\查询.obj
f:\成绩管理系统\成绩管理系统\成绩管理系统\debug\成绩管理系统.obj
f:\成绩管理系统\成绩管理系统\成绩管理系统\debug\logform.obj
f:\成绩管理系统\成绩管理系统\成绩管理系统\debug\student.obj
f:\成绩管理系统\成绩管理系统\成绩管理系统\debug\assemblyinfo.obj
f:\成绩管理系统\成绩管理系统\成绩管理系统\debug\.netframework,version=v4.0.assemblyattributes.obj
f:\成绩管理系统\成绩管理系统\成绩管理系统\debug\成绩管理系统.form1.resources
f:\成绩管理系统\成绩管理系统\成绩管理系统\debug\成绩管理系统.logform.resources
f:\成绩管理系统\成绩管理系统\成绩管理系统\debug\成绩管理系统.查询.resources
f:\成绩管理系统\成绩管理系统\成绩管理系统\debug\成绩管理系统.浏览.resources
f:\成绩管理系统\成绩管理系统\debug\成绩管理系统.ilk
f:\成绩管理系统\成绩管理系统\debug\成绩管理系统.exe
f:\成绩管理系统\成绩管理系统\成绩管理系统\debug\成绩管理系统.exe.intermediate.manifest
f:\成绩管理系统\成绩管理系统\debug\成绩管理系统.pdb
f:\成绩管理系统\成绩管理系统\成绩管理系统\debug\app.res
c:\users\administrator\desktop\近期文档\16级code\林志强\计科1602林志强大作业—成绩管理系统\成绩管理系统\成绩管理系统\debug\成绩管理系统.pch
c:\users\administrator\desktop\近期文档\16级code\林志强\计科1602林志强大作业—成绩管理系统\成绩管理系统\成绩管理系统\debug\vc140.pdb
c:\users\administrator\desktop\近期文档\16级code\林志强\计科1602林志强大作业—成绩管理系统\成绩管理系统\成绩管理系统\debug\stdafx.obj
c:\users\administrator\desktop\近期文档\16级code\林志强\计科1602林志强大作业—成绩管理系统\成绩管理系统\成绩管理系统\debug\浏览.obj
c:\users\administrator\desktop\近期文档\16级code\林志强\计科1602林志强大作业—成绩管理系统\成绩管理系统\成绩管理系统\debug\查询.obj
c:\users\administrator\desktop\近期文档\16级code\林志强\计科1602林志强大作业—成绩管理系统\成绩管理系统\成绩管理系统\debug\成绩管理系统.obj
c:\users\administrator\desktop\近期文档\16级code\林志强\计科1602林志强大作业—成绩管理系统\成绩管理系统\成绩管理系统\debug\logform.obj
c:\users\administrator\desktop\近期文档\16级code\林志强\计科1602林志强大作业—成绩管理系统\成绩管理系统\成绩管理系统\debug\student.obj
c:\users\administrator\desktop\近期文档\16级code\林志强\计科1602林志强大作业—成绩管理系统\成绩管理系统\成绩管理系统\debug\assemblyinfo.obj
c:\users\administrator\desktop\近期文档\16级code\林志强\计科1602林志强大作业—成绩管理系统\成绩管理系统\成绩管理系统\debug\.netframework,version=v4.5.2.assemblyattributes.obj
c:\users\administrator\desktop\近期文档\16级code\林志强\计科1602林志强大作业—成绩管理系统\成绩管理系统\成绩管理系统\debug\.netframework,version=v4.5.2.assemblyattributes.asm
c:\users\administrator\desktop\近期文档\16级code\林志强\计科1602林志强大作业—成绩管理系统\成绩管理系统\成绩管理系统\debug\app.res
c:\users\administrator\desktop\近期文档\16级code\林志强\计科1602林志强大作业—成绩管理系统\成绩管理系统\成绩管理系统\debug\成绩管理系统.form1.resources
c:\users\administrator\desktop\近期文档\16级code\林志强\计科1602林志强大作业—成绩管理系统\成绩管理系统\成绩管理系统\debug\成绩管理系统.logform.resources
c:\users\administrator\desktop\近期文档\16级code\林志强\计科1602林志强大作业—成绩管理系统\成绩管理系统\成绩管理系统\debug\成绩管理系统.查询.resources
c:\users\administrator\desktop\近期文档\16级code\林志强\计科1602林志强大作业—成绩管理系统\成绩管理系统\成绩管理系统\debug\成绩管理系统.浏览.resources
c:\users\administrator\desktop\近期文档\16级code\林志强\计科1602林志强大作业—成绩管理系统\成绩管理系统\成绩管理系统\debug\成绩管理系统.vcxproj.generateresource.cache
c:\users\administrator\desktop\近期文档\16级code\林志强\计科1602林志强大作业—成绩管理系统\成绩管理系统\成绩管理系统\debug\成绩管理系统.vcxprojresolveassemblyreference.cache
c:\users\administrator\desktop\近期文档\16级code\林志强\计科1602林志强大作业—成绩管理系统\成绩管理系统\成绩管理系统\debug\.netframework,version=v4.0.assemblyattributes.obj
c:\users\administrator\desktop\近期文档\16级code\林志强\计科1602林志强大作业—成绩管理系统\成绩管理系统\成绩管理系统\debug\cl.command.1.tlog
c:\users\administrator\desktop\近期文档\16级code\林志强\计科1602林志强大作业—成绩管理系统\成绩管理系统\成绩管理系统\debug\cl.read.1.tlog
c:\users\administrator\desktop\近期文档\16级code\林志强\计科1602林志强大作业—成绩管理系统\成绩管理系统\成绩管理系统\debug\cl.write.1.tlog
c:\users\administrator\desktop\近期文档\16级code\林志强\计科1602林志强大作业—成绩管理系统\成绩管理系统\成绩管理系统\debug\generateresource.read.1.tlog
c:\users\administrator\desktop\近期文档\16级code\林志强\计科1602林志强大作业—成绩管理系统\成绩管理系统\成绩管理系统\debug\generateresource.write.1.tlog
c:\users\administrator\desktop\近期文档\16级code\林志强\计科1602林志强大作业—成绩管理系统\成绩管理系统\成绩管理系统\debug\link.5472-cvtres.read.1.tlog
c:\users\administrator\desktop\近期文档\16级code\林志强\计科1602林志强大作业—成绩管理系统\成绩管理系统\成绩管理系统\debug\link.5472-cvtres.write.1.tlog
c:\users\administrator\desktop\近期文档\16级code\林志强\计科1602林志强大作业—成绩管理系统\成绩管理系统\成绩管理系统\debug\link.5472.read.1.tlog
c:\users\administrator\desktop\近期文档\16级code\林志强\计科1602林志强大作业—成绩管理系统\成绩管理系统\成绩管理系统\debug\link.5472.write.1.tlog
c:\users\administrator\desktop\近期文档\16级code\林志强\计科1602林志强大作业—成绩管理系统\成绩管理系统\成绩管理系统\debug\link.command.1.tlog
c:\users\administrator\desktop\近期文档\16级code\林志强\计科1602林志强大作业—成绩管理系统\成绩管理系统\成绩管理系统\debug\link.read.1.tlog
c:\users\administrator\desktop\近期文档\16级code\林志强\计科1602林志强大作业—成绩管理系统\成绩管理系统\成绩管理系统\debug\link.write.1.tlog
c:\users\administrator\desktop\近期文档\16级code\林志强\计科1602林志强大作业—成绩管理系统\成绩管理系统\成绩管理系统\debug\mt.command.1.tlog
c:\users\administrator\desktop\近期文档\16级code\林志强\计科1602林志强大作业—成绩管理系统\成绩管理系统\成绩管理系统\debug\mt.read.1.tlog
c:\users\administrator\desktop\近期文档\16级code\林志强\计科1602林志强大作业—成绩管理系统\成绩管理系统\成绩管理系统\debug\mt.write.1.tlog
c:\users\administrator\desktop\近期文档\16级code\林志强\计科1602林志强大作业—成绩管理系统\成绩管理系统\成绩管理系统\debug\rc.command.1.tlog
c:\users\administrator\desktop\近期文档\16级code\林志强\计科1602林志强大作业—成绩管理系统\成绩管理系统\成绩管理系统\debug\rc.read.1.tlog
c:\users\administrator\desktop\近期文档\16级code\林志强\计科1602林志强大作业—成绩管理系统\成绩管理系统\成绩管理系统\debug\rc.write.1.tlog
c:\users\administrator\desktop\近期文档\16级code\林志强\计科1602林志强大作业—成绩管理系统\成绩管理系统\成绩管理系统\debug\成绩管理系统.write.1.tlog
c:\users\administrator\desktop\近期文档\16级code\林志强\计科1602林志强大作业—成绩管理系统\成绩管理系统\成绩管理系统\debug\成绩管理系统.exe.intermediate.manifest
c:\users\administrator\desktop\近期文档\16级code\林志强\计科1602林志强大作业—成绩管理系统\成绩管理系统\成绩管理系统\debug\vc100.pdb
c:\users\administrator\desktop\近期文档\16级code\林志强\计科1602林志强大作业—成绩管理系统\成绩管理系统\成绩管理系统\debug\成绩管理系统.tlog\cl.command.1.tlog
c:\users\administrator\desktop\近期文档\16级code\林志强\计科1602林志强大作业—成绩管理系统\成绩管理系统\成绩管理系统\debug\成绩管理系统.tlog\cl.read.1.tlog
c:\users\administrator\desktop\近期文档\16级code\林志强\计科1602林志强大作业—成绩管理系统\成绩管理系统\成绩管理系统\debug\成绩管理系统.tlog\cl.write.1.tlog
c:\users\administrator\desktop\近期文档\16级code\林志强\计科1602林志强大作业—成绩管理系统\成绩管理系统\成绩管理系统\debug\成绩管理系统.tlog\link.10812-cvtres.read.1.tlog
c:\users\administrator\desktop\近期文档\16级code\林志强\计科1602林志强大作业—成绩管理系统\成绩管理系统\成绩管理系统\debug\成绩管理系统.tlog\link.10812-cvtres.write.1.tlog
c:\users\administrator\desktop\近期文档\16级code\林志强\计科1602林志强大作业—成绩管理系统\成绩管理系统\成绩管理系统\debug\成绩管理系统.tlog\link.10812-rc.read.1.tlog
c:\users\administrator\desktop\近期文档\16级code\林志强\计科1602林志强大作业—成绩管理系统\成绩管理系统\成绩管理系统\debug\成绩管理系统.tlog\link.10812-rc.write.1.tlog
c:\users\administrator\desktop\近期文档\16级code\林志强\计科1602林志强大作业—成绩管理系统\成绩管理系统\成绩管理系统\debug\成绩管理系统.tlog\link.10812.read.1.tlog
c:\users\administrator\desktop\近期文档\16级code\林志强\计科1602林志强大作业—成绩管理系统\成绩管理系统\成绩管理系统\debug\成绩管理系统.tlog\link.10812.write.1.tlog
c:\users\administrator\desktop\近期文档\16级code\林志强\计科1602林志强大作业—成绩管理系统\成绩管理系统\成绩管理系统\debug\成绩管理系统.tlog\link.command.1.tlog
c:\users\administrator\desktop\近期文档\16级code\林志强\计科1602林志强大作业—成绩管理系统\成绩管理系统\成绩管理系统\debug\成绩管理系统.tlog\link.read.1.tlog
c:\users\administrator\desktop\近期文档\16级code\林志强\计科1602林志强大作业—成绩管理系统\成绩管理系统\成绩管理系统\debug\成绩管理系统.tlog\link.write.1.tlog
c:\users\administrator\desktop\近期文档\16级code\林志强\计科1602林志强大作业—成绩管理系统\成绩管理系统\成绩管理系统\debug\成绩管理系统.tlog\metagen.read.1.tlog
c:\users\administrator\desktop\近期文档\16级code\林志强\计科1602林志强大作业—成绩管理系统\成绩管理系统\成绩管理系统\debug\成绩管理系统.tlog\metagen.write.1.tlog
c:\users\administrator\desktop\近期文档\16级code\林志强\计科1602林志强大作业—成绩管理系统\成绩管理系统\成绩管理系统\debug\成绩管理系统.tlog\rc.command.1.tlog
c:\users\administrator\desktop\近期文档\16级code\林志强\计科1602林志强大作业—成绩管理系统\成绩管理系统\成绩管理系统\debug\成绩管理系统.tlog\rc.read.1.tlog
c:\users\administrator\desktop\近期文档\16级code\林志强\计科1602林志强大作业—成绩管理系统\成绩管理系统\成绩管理系统\debug\成绩管理系统.tlog\rc.write.1.tlog
c:\users\administrator\desktop\近期文档\16级code\林志强\计科1602林志强大作业—成绩管理系统\成绩管理系统\成绩管理系统\debug\成绩管理系统.tlog\成绩管理系统.write.1u.tlog
c:\users\administrator\desktop\近期文档\16级code\林志强\计科1602林志强大作业—成绩管理系统\成绩管理系统\成绩管理系统\debug\成绩管理系统.tlog\tzres.dll.bi
